<?xml version="1.0" encoding="UTF-8"?>
<testng-results skipped="0" failed="0" total="1" passed="1">
  <reporter-output>
  </reporter-output>
  <suite name="Default suite" duration-ms="27182" started-at="2020-07-22T13:39:16Z" finished-at="2020-07-22T13:39:43Z">
    <groups>
    </groups>
    <test name="Default test" duration-ms="27182" started-at="2020-07-22T13:39:16Z" finished-at="2020-07-22T13:39:43Z">
      <class name="example.NewTest">
        <test-method status="PASS" signature="beforeTest()[pri:0, instance:example.NewTest@7bb58ca3]" name="beforeTest" is-config="true" duration-ms="10166" started-at="2020-07-22T19:09:16Z" finished-at="2020-07-22T19:09:26Z">
          <reporter-output>
          </reporter-output>
        </test-method> <!-- beforeTest -->
        <test-method status="PASS" signature="testEasy()[pri:0, instance:example.NewTest@7bb58ca3]" name="testEasy" duration-ms="9035" started-at="2020-07-22T19:09:26Z" finished-at="2020-07-22T19:09:35Z">
          <reporter-output>
          </reporter-output>
        </test-method> <!-- testEasy -->
        <test-method status="PASS" signature="afterTest()[pri:0, instance:example.NewTest@7bb58ca3]" name="afterTest" is-config="true" duration-ms="7966" started-at="2020-07-22T19:09:35Z" finished-at="2020-07-22T19:09:43Z">
          <reporter-output>
          </reporter-output>
        </test-method> <!-- afterTest -->
      </class> <!-- example.NewTest -->
    </test> <!-- Default test -->
  </suite> <!-- Default suite -->
</testng-results>
