<?xml version="1.0" encoding="UTF-8"?>
<testng-results skipped="0" failed="0" total="1" passed="1">
  <reporter-output>
  </reporter-output>
  <suite name="Default suite" duration-ms="16014" started-at="2020-07-26T05:42:22Z" finished-at="2020-07-26T05:42:38Z">
    <groups>
    </groups>
    <test name="Default test" duration-ms="16014" started-at="2020-07-26T05:42:22Z" finished-at="2020-07-26T05:42:38Z">
      <class name="testCases.NewTest">
        <test-method status="PASS" signature="beforeTest()[pri:0, instance:testCases.NewTest@7bb58ca3]" name="beforeTest" is-config="true" duration-ms="6870" started-at="2020-07-26T11:12:22Z" finished-at="2020-07-26T11:12:29Z">
          <reporter-output>
          </reporter-output>
        </test-method> <!-- beforeTest -->
        <test-method status="PASS" signature="ValidateUnAuthorizeMessage()[pri:0, instance:testCases.NewTest@7bb58ca3]" name="ValidateUnAuthorizeMessage" duration-ms="8113" started-at="2020-07-26T11:12:29Z" finished-at="2020-07-26T11:12:37Z">
          <reporter-output>
          </reporter-output>
        </test-method> <!-- ValidateUnAuthorizeMessage -->
        <test-method status="PASS" signature="afterTest()[pri:0, instance:testCases.NewTest@7bb58ca3]" name="afterTest" is-config="true" duration-ms="1018" started-at="2020-07-26T11:12:37Z" finished-at="2020-07-26T11:12:38Z">
          <reporter-output>
          </reporter-output>
        </test-method> <!-- afterTest -->
      </class> <!-- testCases.NewTest -->
    </test> <!-- Default test -->
  </suite> <!-- Default suite -->
</testng-results>
