<?xml version="1.0" encoding="UTF-8"?>
<testng-results skipped="0" failed="0" total="1" passed="1">
  <reporter-output>
  </reporter-output>
  <suite name="Default suite" duration-ms="27652" started-at="2020-07-22T13:58:29Z" finished-at="2020-07-22T13:58:57Z">
    <groups>
    </groups>
    <test name="Default test" duration-ms="27652" started-at="2020-07-22T13:58:29Z" finished-at="2020-07-22T13:58:57Z">
      <class name="Example.NewTest">
        <test-method status="PASS" signature="beforeTest()[pri:0, instance:Example.NewTest@7bb58ca3]" name="beforeTest" is-config="true" duration-ms="12742" started-at="2020-07-22T19:28:29Z" finished-at="2020-07-22T19:28:42Z">
          <reporter-output>
          </reporter-output>
        </test-method> <!-- beforeTest -->
        <test-method status="PASS" signature="testEasy()[pri:0, instance:Example.NewTest@7bb58ca3]" name="testEasy" duration-ms="13582" started-at="2020-07-22T19:28:42Z" finished-at="2020-07-22T19:28:56Z">
          <reporter-output>
          </reporter-output>
        </test-method> <!-- testEasy -->
        <test-method status="PASS" signature="afterTest()[pri:0, instance:Example.NewTest@7bb58ca3]" name="afterTest" is-config="true" duration-ms="1307" started-at="2020-07-22T19:28:56Z" finished-at="2020-07-22T19:28:57Z">
          <reporter-output>
          </reporter-output>
        </test-method> <!-- afterTest -->
      </class> <!-- Example.NewTest -->
    </test> <!-- Default test -->
  </suite> <!-- Default suite -->
</testng-results>
